{"/home/felipemantilla/Documents/Work/ComparaOnline/typescript_jest/src/Models/CarInsurance.ts": {"path":"/home/felipemantilla/Documents/Work/ComparaOnline/typescript_jest/src/Models/CarInsurance.ts","statementMap":{"0":{"start":{"line":3,"column":0},"end":{"line":3,"column":13}},"1":{"start":{"line":7,"column":4},"end":{"line":7,"column":29}},"2":{"start":{"line":10,"column":2},"end":{"line":14,"column":null}},"3":{"start":{"line":11,"column":4},"end":{"line":13,"column":null}},"4":{"start":{"line":11,"column":24},"end":{"line":11,"column":28}},"5":{"start":{"line":11,"column":24},"end":{"line":11,"column":37}},"6":{"start":{"line":11,"column":20},"end":{"line":11,"column":24}},"7":{"start":{"line":12,"column":6},"end":{"line":12,"column":28}},"8":{"start":{"line":15,"column":0},"end":{"line":15,"column":null}},"9":{"start":{"line":3,"column":13},"end":{"line":3,"column":25}}},"fnMap":{"0":{"name":"(anonymous_0)","decl":{"start":{"line":3,"column":0},"end":{"line":3,"column":13}},"loc":{"start":{"line":3,"column":0},"end":{"line":15,"column":null}}},"1":{"name":"CarInsurance","decl":{"start":{"line":6,"column":2},"end":{"line":6,"column":14}},"loc":{"start":{"line":6,"column":38},"end":{"line":8,"column":3}}},"2":{"name":"(anonymous_2)","decl":{"start":{"line":10,"column":2},"end":{"line":10,"column":13}},"loc":{"start":{"line":10,"column":2},"end":{"line":14,"column":3}}}},"branchMap":{},"s":{"0":1,"1":2,"2":1,"3":30,"4":30,"5":30,"6":270,"7":270,"8":1,"9":1},"f":{"0":1,"1":2,"2":30},"b":{}}
,"/home/felipemantilla/Documents/Work/ComparaOnline/typescript_jest/src/Models/Product.ts": {"path":"/home/felipemantilla/Documents/Work/ComparaOnline/typescript_jest/src/Models/Product.ts","statementMap":{"0":{"start":{"line":14,"column":0},"end":{"line":14,"column":13}},"1":{"start":{"line":20,"column":4},"end":{"line":20,"column":21}},"2":{"start":{"line":21,"column":4},"end":{"line":21,"column":25}},"3":{"start":{"line":22,"column":4},"end":{"line":22,"column":23}},"4":{"start":{"line":25,"column":2},"end":{"line":60,"column":null}},"5":{"start":{"line":26,"column":4},"end":{"line":59,"column":null}},"6":{"start":{"line":28,"column":8},"end":{"line":28,"column":22}},"7":{"start":{"line":29,"column":8},"end":{"line":29,"column":21}},"8":{"start":{"line":30,"column":8},"end":{"line":30,"column":50}},"9":{"start":{"line":31,"column":8},"end":{"line":31,"column":14}},"10":{"start":{"line":33,"column":8},"end":{"line":33,"column":22}},"11":{"start":{"line":34,"column":8},"end":{"line":34,"column":59}},"12":{"start":{"line":35,"column":8},"end":{"line":35,"column":49}},"13":{"start":{"line":36,"column":8},"end":{"line":36,"column":14}},"14":{"start":{"line":38,"column":8},"end":{"line":38,"column":22}},"15":{"start":{"line":39,"column":8},"end":{"line":39,"column":59}},"16":{"start":{"line":40,"column":8},"end":{"line":40,"column":51}},"17":{"start":{"line":41,"column":8},"end":{"line":41,"column":14}},"18":{"start":{"line":43,"column":8},"end":{"line":43,"column":24}},"19":{"start":{"line":44,"column":8},"end":{"line":44,"column":52}},"20":{"start":{"line":45,"column":8},"end":{"line":45,"column":14}},"21":{"start":{"line":47,"column":8},"end":{"line":47,"column":22}},"22":{"start":{"line":48,"column":8},"end":{"line":48,"column":21}},"23":{"start":{"line":49,"column":8},"end":{"line":49,"column":47}},"24":{"start":{"line":50,"column":8},"end":{"line":50,"column":46}},"25":{"start":{"line":51,"column":8},"end":{"line":51,"column":50}},"26":{"start":{"line":52,"column":8},"end":{"line":52,"column":51}},"27":{"start":{"line":53,"column":8},"end":{"line":53,"column":14}},"28":{"start":{"line":55,"column":8},"end":{"line":55,"column":22}},"29":{"start":{"line":56,"column":8},"end":{"line":56,"column":64}},"30":{"start":{"line":57,"column":8},"end":{"line":57,"column":49}},"31":{"start":{"line":58,"column":8},"end":{"line":58,"column":14}},"32":{"start":{"line":61,"column":0},"end":{"line":61,"column":null}},"33":{"start":{"line":14,"column":13},"end":{"line":14,"column":20}}},"fnMap":{"0":{"name":"(anonymous_0)","decl":{"start":{"line":14,"column":0},"end":{"line":14,"column":13}},"loc":{"start":{"line":14,"column":0},"end":{"line":61,"column":null}}},"1":{"name":"Product","decl":{"start":{"line":19,"column":2},"end":{"line":19,"column":14}},"loc":{"start":{"line":19,"column":70},"end":{"line":23,"column":3}}},"2":{"name":"(anonymous_2)","decl":{"start":{"line":25,"column":2},"end":{"line":25,"column":13}},"loc":{"start":{"line":25,"column":2},"end":{"line":60,"column":3}}}},"branchMap":{"0":{"loc":{"start":{"line":27,"column":6},"end":{"line":31,"column":14}},"type":"switch","locations":[{"start":{"line":27,"column":6},"end":{"line":31,"column":14}},{"start":{"line":32,"column":6},"end":{"line":36,"column":14}},{"start":{"line":37,"column":6},"end":{"line":41,"column":14}},{"start":{"line":42,"column":6},"end":{"line":45,"column":14}},{"start":{"line":46,"column":6},"end":{"line":53,"column":14}},{"start":{"line":54,"column":6},"end":{"line":58,"column":14}}]},"1":{"loc":{"start":{"line":30,"column":27},"end":{"line":30,"column":41}},"type":"cond-expr","locations":[{"start":{"line":30,"column":27},"end":{"line":30,"column":41}},{"start":{"line":30,"column":45},"end":{"line":30,"column":49}}]},"2":{"loc":{"start":{"line":34,"column":27},"end":{"line":34,"column":42}},"type":"cond-expr","locations":[{"start":{"line":34,"column":27},"end":{"line":34,"column":42}},{"start":{"line":34,"column":46},"end":{"line":34,"column":58}}]},"3":{"loc":{"start":{"line":35,"column":26},"end":{"line":35,"column":40}},"type":"cond-expr","locations":[{"start":{"line":35,"column":26},"end":{"line":35,"column":40}},{"start":{"line":35,"column":44},"end":{"line":35,"column":48}}]},"4":{"loc":{"start":{"line":39,"column":27},"end":{"line":39,"column":42}},"type":"cond-expr","locations":[{"start":{"line":39,"column":27},"end":{"line":39,"column":42}},{"start":{"line":39,"column":46},"end":{"line":39,"column":58}}]},"5":{"loc":{"start":{"line":40,"column":27},"end":{"line":40,"column":42}},"type":"cond-expr","locations":[{"start":{"line":40,"column":27},"end":{"line":40,"column":42}},{"start":{"line":40,"column":46},"end":{"line":40,"column":50}}]},"6":{"loc":{"start":{"line":44,"column":27},"end":{"line":44,"column":31}},"type":"cond-expr","locations":[{"start":{"line":44,"column":27},"end":{"line":44,"column":31}},{"start":{"line":44,"column":35},"end":{"line":44,"column":50}}]},"7":{"loc":{"start":{"line":49,"column":27},"end":{"line":49,"column":39}},"type":"cond-expr","locations":[{"start":{"line":49,"column":27},"end":{"line":49,"column":39}},{"start":{"line":49,"column":42},"end":{"line":49,"column":46}}]},"8":{"loc":{"start":{"line":50,"column":26},"end":{"line":50,"column":38}},"type":"cond-expr","locations":[{"start":{"line":50,"column":26},"end":{"line":50,"column":38}},{"start":{"line":50,"column":41},"end":{"line":50,"column":45}}]},"9":{"loc":{"start":{"line":51,"column":27},"end":{"line":51,"column":41}},"type":"cond-expr","locations":[{"start":{"line":51,"column":27},"end":{"line":51,"column":41}},{"start":{"line":51,"column":45},"end":{"line":51,"column":49}}]},"10":{"loc":{"start":{"line":52,"column":27},"end":{"line":52,"column":42}},"type":"cond-expr","locations":[{"start":{"line":52,"column":27},"end":{"line":52,"column":42}},{"start":{"line":52,"column":46},"end":{"line":52,"column":50}}]},"11":{"loc":{"start":{"line":56,"column":27},"end":{"line":56,"column":42}},"type":"cond-expr","locations":[{"start":{"line":56,"column":27},"end":{"line":56,"column":42}},{"start":{"line":56,"column":47},"end":{"line":56,"column":62}}]},"12":{"loc":{"start":{"line":57,"column":26},"end":{"line":57,"column":40}},"type":"cond-expr","locations":[{"start":{"line":57,"column":26},"end":{"line":57,"column":40}},{"start":{"line":57,"column":44},"end":{"line":57,"column":48}}]}},"s":{"0":7,"1":38,"2":38,"3":38,"4":7,"5":446,"6":45,"7":45,"8":45,"9":45,"10":66,"11":66,"12":66,"13":66,"14":62,"15":62,"16":62,"17":62,"18":96,"19":96,"20":96,"21":125,"22":125,"23":125,"24":125,"25":125,"26":125,"27":125,"28":52,"29":52,"30":52,"31":52,"32":7,"33":7},"f":{"0":7,"1":38,"2":446},"b":{"0":[45,66,62,96,125,52],"1":[28,17],"2":[27,39],"3":[16,50],"4":[55,7],"5":[5,57],"6":[95,1],"7":[115,10],"8":[88,37],"9":[61,64],"10":[19,106],"11":[34,18],"12":[28,24]}}
}
