TN:
SF:src/Models/CarInsurance.ts
FN:3,(anonymous_0)
FN:6,CarInsurance
FN:10,(anonymous_2)
FNF:3
FNH:3
FNDA:1,(anonymous_0)
FNDA:2,CarInsurance
FNDA:30,(anonymous_2)
DA:3,1
DA:7,2
DA:10,1
DA:11,270
DA:12,270
DA:15,1
LF:6
LH:6
BRF:0
BRH:0
end_of_record
TN:
SF:src/Models/Product.ts
FN:14,(anonymous_0)
FN:19,Product
FN:25,(anonymous_2)
FNF:3
FNH:3
FNDA:7,(anonymous_0)
FNDA:38,Product
FNDA:446,(anonymous_2)
DA:14,7
DA:20,38
DA:21,38
DA:22,38
DA:25,7
DA:26,446
DA:28,45
DA:29,45
DA:30,45
DA:31,45
DA:33,66
DA:34,66
DA:35,66
DA:36,66
DA:38,62
DA:39,62
DA:40,62
DA:41,62
DA:43,96
DA:44,96
DA:45,96
DA:47,125
DA:48,125
DA:49,125
DA:50,125
DA:51,125
DA:52,125
DA:53,125
DA:55,52
DA:56,52
DA:57,52
DA:58,52
DA:61,7
LF:33
LH:33
BRDA:27,0,0,45
BRDA:27,0,1,66
BRDA:27,0,2,62
BRDA:27,0,3,96
BRDA:27,0,4,125
BRDA:27,0,5,52
BRDA:30,1,0,28
BRDA:30,1,1,17
BRDA:34,2,0,27
BRDA:34,2,1,39
BRDA:35,3,0,16
BRDA:35,3,1,50
BRDA:39,4,0,55
BRDA:39,4,1,7
BRDA:40,5,0,5
BRDA:40,5,1,57
BRDA:44,6,0,95
BRDA:44,6,1,1
BRDA:49,7,0,115
BRDA:49,7,1,10
BRDA:50,8,0,88
BRDA:50,8,1,37
BRDA:51,9,0,61
BRDA:51,9,1,64
BRDA:52,10,0,19
BRDA:52,10,1,106
BRDA:56,11,0,34
BRDA:56,11,1,18
BRDA:57,12,0,28
BRDA:57,12,1,24
BRF:30
BRH:30
end_of_record
